.
./debug.h
./doc
./doc/html
./doc/html/annotated.html
./doc/html/bc_s.png
./doc/html/bdwn.png
./doc/html/classes.html
./doc/html/closed.png
./doc/html/debug_8h.html
.
./debug.h
./doc
./doc/html
./doc/html/annotated.html
./doc/html/bc_s.png
./doc/html/bdwn.png
./doc/html/classes.html
./doc/html/closed.png
./doc/html/debug_8h.html
.
./debug.h
./doc
./doc/html
./doc/html/annotated.html
./doc/html/bc_s.png
./doc/html/bdwn.png
./doc/html/classes.html
./doc/html/closed.png
./doc/html/debug_8h.html
.
./debug.h
./doc
./doc/html
./doc/html/annotated.html
./doc/html/bc_s.png
./doc/html/bdwn.png
./doc/html/classes.html
./doc/html/closed.png
./doc/html/debug_8h.html
.
./debug.h
./doc
./doc/html
./doc/html/annotated.html
./doc/html/bc_s.png
./doc/html/bdwn.png
./doc/html/classes.html
./doc/html/closed.png
./doc/html/debug_8h.html
.
./debug.h
./doc
./doc/html
./doc/html/annotated.html
./doc/html/bc_s.png
./doc/html/bdwn.png
./doc/html/classes.html
./doc/html/closed.png
./doc/html/debug_8h.html
.
./debug.h
./doc
./doc/html
./doc/html/annotated.html
./doc/html/bc_s.png
./doc/html/bdwn.png
./doc/html/classes.html
./doc/html/closed.png
./doc/html/debug_8h.html
.
./debug.h
./doc
./doc/html
./doc/html/annotated.html
./doc/html/bc_s.png
./doc/html/bdwn.png
./doc/html/classes.html
./doc/html/closed.png
./doc/html/debug_8h.html
.
./debug.h
./doc
./doc/html
./doc/html/annotated.html
./doc/html/bc_s.png
./doc/html/bdwn.png
./doc/html/classes.html
./doc/html/closed.png
./doc/html/debug_8h.html
.
./debug.h
./doc
./doc/html
./doc/html/annotated.html
./doc/html/bc_s.png
./doc/html/bdwn.png
./doc/html/classes.html
./doc/html/closed.png
./doc/html/debug_8h.html
.
./debug.h
./doc
./doc/html
./doc/html/annotated.html
./doc/html/bc_s.png
./doc/html/bdwn.png
./doc/html/classes.html
./doc/html/closed.png
./doc/html/debug_8h.html
.
./debug.h
./doc
./doc/html
./doc/html/annotated.html
./doc/html/bc_s.png
./doc/html/bdwn.png
./doc/html/classes.html
./doc/html/closed.png
./doc/html/debug_8h.html
.
./debug.h
./doc
./doc/html
./doc/html/annotated.html
./doc/html/bc_s.png
./doc/html/bdwn.png
./doc/html/classes.html
./doc/html/closed.png
./doc/html/debug_8h.html
.
./debug.h
./doc
./doc/html
./doc/html/annotated.html
./doc/html/bc_s.png
./doc/html/bdwn.png
./doc/html/classes.html
./doc/html/closed.png
./doc/html/debug_8h.html
.
./debug.h
./doc
./doc/html
./doc/html/annotated.html
./doc/html/bc_s.png
./doc/html/bdwn.png
./doc/html/classes.html
./doc/html/closed.png
./doc/html/debug_8h.html
.
./debug.h
./doc
./doc/html
./doc/html/annotated.html
./doc/html/bc_s.png
./doc/html/bdwn.png
./doc/html/classes.html
./doc/html/closed.png
./doc/html/debug_8h.html
